


ARM Macro Assembler    Page 1 


    1 00000000         ;/******************************************************
                       ********************//**
    2 00000000         ; * @file     startup_LPC17xx.s
    3 00000000         ; * @brief    CMSIS Cortex-M3 Core Device Startup File f
                       or
    4 00000000         ; *           NXP LPC17xx Device Series
    5 00000000         ; * @version  V1.10
    6 00000000         ; * @date     06. April 2011
    7 00000000         ; *
    8 00000000         ; * @note
    9 00000000         ; * Copyright (C) 2009-2011 ARM Limited. All rights rese
                       rved.
   10 00000000         ; *
   11 00000000         ; * @par
   12 00000000         ; * ARM Limited (ARM) is supplying this software for use
                        with Cortex-M
   13 00000000         ; * processor based microcontrollers.  This file can be 
                       freely distributed
   14 00000000         ; * within development tools that are supporting such AR
                       M based processors.
   15 00000000         ; *
   16 00000000         ; * @par
   17 00000000         ; * THIS SOFTWARE IS PROVIDED "AS IS".  NO WARRANTIES, W
                       HETHER EXPRESS, IMPLIED
   18 00000000         ; * OR STATUTORY, INCLUDING, BUT NOT LIMITED TO, IMPLIED
                        WARRANTIES OF
   19 00000000         ; * MERCHANTABILITY AND FITNESS FOR A PARTICULAR PURPOSE
                        APPLY TO THIS SOFTWARE.
   20 00000000         ; * ARM SHALL NOT, IN ANY CIRCUMSTANCES, BE LIABLE FOR S
                       PECIAL, INCIDENTAL, OR
   21 00000000         ; * CONSEQUENTIAL DAMAGES, FOR ANY REASON WHATSOEVER.
   22 00000000         ; *
   23 00000000         ; ******************************************************
                       ************************/
   24 00000000         
   25 00000000         ; *------- <<< Use Configuration Wizard in Context Menu 
                       >>> ------------------
   26 00000000         
   27 00000000         ; <h> Stack Configuration
   28 00000000         ;   <o> Stack Size (in Bytes) <0x0-0xFFFFFFFF:8>
   29 00000000         ; </h>
   30 00000000         
   31 00000000 00000200 
                       Stack_Size
                               EQU              0x00000200
   32 00000000         
   33 00000000                 AREA             STACK, NOINIT, READWRITE, ALIGN
=3
   34 00000000         Stack_Mem
                               SPACE            Stack_Size
   35 00000200         __initial_sp
   36 00000200         
   37 00000200         
   38 00000200         ; <h> Heap Configuration
   39 00000200         ;   <o>  Heap Size (in Bytes) <0x0-0xFFFFFFFF:8>
   40 00000200         ; </h>
   41 00000200         
   42 00000200 00000000 
                       Heap_Size



ARM Macro Assembler    Page 2 


                               EQU              0x00000000
   43 00000200         
   44 00000200                 AREA             HEAP, NOINIT, READWRITE, ALIGN=
3
   45 00000000         __heap_base
   46 00000000         Heap_Mem
                               SPACE            Heap_Size
   47 00000000         
   48 00000000         
   49 00000000         __heap_limit
   50 00000000         
   51 00000000         
   52 00000000                 PRESERVE8
   53 00000000                 THUMB
   54 00000000         
   55 00000000         
   56 00000000         ; Vector Table Mapped to Address 0 at Reset
   57 00000000         
   58 00000000                 AREA             RESET, DATA, READONLY
   59 00000000                 EXPORT           __Vectors
   60 00000000         
   61 00000000 00000000 
                       __Vectors
                               DCD              __initial_sp ; Top of Stack
   62 00000004 00000000        DCD              Reset_Handler ; Reset Handler
   63 00000008 00000000        DCD              NMI_Handler ; NMI Handler
   64 0000000C 00000000        DCD              HardFault_Handler ; Hard Fault 
                                                            Handler
   65 00000010 00000000        DCD              MemManage_Handler 
                                                            ; MPU Fault Handler
                                                            
   66 00000014 00000000        DCD              BusFault_Handler 
                                                            ; Bus Fault Handler
                                                            
   67 00000018 00000000        DCD              UsageFault_Handler ; Usage Faul
                                                            t Handler
   68 0000001C 00000000        DCD              0           ; Reserved
   69 00000020 00000000        DCD              0           ; Reserved
   70 00000024 00000000        DCD              0           ; Reserved
   71 00000028 00000000        DCD              0           ; Reserved
   72 0000002C 00000000        DCD              SVC_Handler ; SVCall Handler
   73 00000030 00000000        DCD              DebugMon_Handler ; Debug Monito
                                                            r Handler
   74 00000034 00000000        DCD              0           ; Reserved
   75 00000038 00000000        DCD              PendSV_Handler ; PendSV Handler
                                                            
   76 0000003C 00000000        DCD              SysTick_Handler 
                                                            ; SysTick Handler
   77 00000040         
   78 00000040         ; External Interrupts
   79 00000040 00000000        DCD              WDT_IRQHandler ; 16: Watchdog T
                                                            imer
   80 00000044 00000000        DCD              TIMER0_IRQHandler ; 17: Timer0
   81 00000048 00000000        DCD              TIMER1_IRQHandler ; 18: Timer1
   82 0000004C 00000000        DCD              TIMER2_IRQHandler ; 19: Timer2
   83 00000050 00000000        DCD              TIMER3_IRQHandler ; 20: Timer3
   84 00000054 00000000        DCD              UART0_IRQHandler ; 21: UART0
   85 00000058 00000000        DCD              UART1_IRQHandler ; 22: UART1
   86 0000005C 00000000        DCD              UART2_IRQHandler ; 23: UART2



ARM Macro Assembler    Page 3 


   87 00000060 00000000        DCD              UART3_IRQHandler ; 24: UART3
   88 00000064 00000000        DCD              PWM1_IRQHandler ; 25: PWM1
   89 00000068 00000000        DCD              I2C0_IRQHandler ; 26: I2C0
   90 0000006C 00000000        DCD              I2C1_IRQHandler ; 27: I2C1
   91 00000070 00000000        DCD              I2C2_IRQHandler ; 28: I2C2
   92 00000074 00000000        DCD              SPI_IRQHandler ; 29: SPI
   93 00000078 00000000        DCD              SSP0_IRQHandler ; 30: SSP0
   94 0000007C 00000000        DCD              SSP1_IRQHandler ; 31: SSP1
   95 00000080 00000000        DCD              PLL0_IRQHandler ; 32: PLL0 Lock
                                                             (Main PLL)
   96 00000084 00000000        DCD              RTC_IRQHandler ; 33: Real Time 
                                                            Clock
   97 00000088 00000000        DCD              EINT0_IRQHandler ; 34: External
                                                             Interrupt 0
   98 0000008C 00000000        DCD              EINT1_IRQHandler ; 35: External
                                                             Interrupt 1
   99 00000090 00000000        DCD              EINT2_IRQHandler ; 36: External
                                                             Interrupt 2
  100 00000094 00000000        DCD              EINT3_IRQHandler ; 37: External
                                                             Interrupt 3
  101 00000098 00000000        DCD              ADC_IRQHandler 
                                                            ; 38: A/D Converter
                                                            
  102 0000009C 00000000        DCD              BOD_IRQHandler ; 39: Brown-Out 
                                                            Detect
  103 000000A0 00000000        DCD              USB_IRQHandler ; 40: USB
  104 000000A4 00000000        DCD              CAN_IRQHandler ; 41: CAN
  105 000000A8 00000000        DCD              DMA_IRQHandler ; 42: General Pu
                                                            rpose DMA
  106 000000AC 00000000        DCD              I2S_IRQHandler ; 43: I2S
  107 000000B0 00000000        DCD              ENET_IRQHandler ; 44: Ethernet
  108 000000B4 00000000        DCD              RIT_IRQHandler ; 45: Repetitive
                                                             Interrupt Timer
  109 000000B8 00000000        DCD              MCPWM_IRQHandler ; 46: Motor Co
                                                            ntrol PWM
  110 000000BC 00000000        DCD              QEI_IRQHandler ; 47: Quadrature
                                                             Encoder Interface
  111 000000C0 00000000        DCD              PLL1_IRQHandler ; 48: PLL1 Lock
                                                             (USB PLL)
  112 000000C4 00000000        DCD              USBActivity_IRQHandler ; 49: US
                                                            B Activity interrup
                                                            t to wakeup
  113 000000C8 00000000        DCD              CANActivity_IRQHandler ; 50: CA
                                                            N Activity interrup
                                                            t to wakeup
  114 000000CC         
  115 000000CC         
  116 000000CC                 IF               :LNOT::DEF:NO_CRP
  117 000000CC                 AREA             |.ARM.__at_0x02FC|, CODE, READO
NLY
  118 00000000 FFFFFFFF 
                       CRP_Key DCD              0xFFFFFFFF
  119 00000004                 ENDIF
  120 00000004         
  121 00000004         
  122 00000004                 AREA             |.text|, CODE, READONLY
  123 00000000         
  124 00000000         
  125 00000000         ; Reset Handler



ARM Macro Assembler    Page 4 


  126 00000000         
  127 00000000         Reset_Handler
                               PROC
  128 00000000                 EXPORT           Reset_Handler             [WEAK
]
  129 00000000 481F            LDR              R0, =Reset_Handler
  130 00000002         
  131 00000002                 ALIGN            2
  132 00000002 00 02 64 
              02 C4 02 
              1C 03 69 
              03 A9 03 
              D8 03 F5 
              03 FF 03 
              F5 03 D8 
              03 A9 03 
              69 03 1C 
              03 C4 02 
              64 02 00 
              02 9C 01 
              3C 01 E4 
              00 97 00 
              57 00 28 
              00 0B 00 
              01 00 0B 
              00 28 00 
              57 00 97 
              00 E4 00 
              3C 01 9C 
              01       Sin0    DCW              512,  612,  708,  796,  873, 93
7,  984, 1013, 1023, 1013, 984,  937,  873,  796,  708,  612,  512,  412,  316,
  228, 151,   87,   40,   11,    1,  11,   40,   87,  151,  228, 316,  412
  133 00000042         
  134 00000042 4910            LDR              R1,=Sin0
  135 00000044 F04F 0202       MOV              R2,#2       ;indice vettore
  136 00000048 F04F 0340       MOV              R3,#64      ;lunghezza vettore
  137 0000004C 880C            LDRH             R4,[R1,#0]  ;min
  138 0000004E 880D            LDRH             R5,[R1,#0]  ;max
  139 00000050         
  140 00000050 429A    loop    CMP              R2,R3
  141 00000052 D009            BEQ              exit
  142 00000054 5A8E            LDRH             R6,[R1,R2]  ;valore corrente
  143 00000056 42A6            CMP              R6,R4
  144 00000058 BFB8 4634       MOVLT            R4,R6
  145 0000005C 42AE            CMP              R6,R5
  146 0000005E BFC8 4635       MOVGT            R5,R6
  147 00000062 F102 0202       ADD              R2,#2
  148 00000066 E7F3            B                loop
  149 00000068         
  150 00000068         exit
  151 00000068         ; your code here
  152 00000068         
  153 00000068         
  154 00000068 4700            BX               R0
  155 0000006A                 ENDP
  156 0000006A         
  157 0000006A         
  158 0000006A         ; Dummy Exception Handlers (infinite loops which can be 
                       modified)



ARM Macro Assembler    Page 5 


  159 0000006A         
  160 0000006A         NMI_Handler
                               PROC
  161 0000006A                 EXPORT           NMI_Handler               [WEAK
]
  162 0000006A E7FE            B                .
  163 0000006C                 ENDP
  165 0000006C         HardFault_Handler
                               PROC
  166 0000006C                 EXPORT           HardFault_Handler         [WEAK
]
  167 0000006C E7FE            B                .
  168 0000006E                 ENDP
  170 0000006E         MemManage_Handler
                               PROC
  171 0000006E                 EXPORT           MemManage_Handler         [WEAK
]
  172 0000006E E7FE            B                .
  173 00000070                 ENDP
  175 00000070         BusFault_Handler
                               PROC
  176 00000070                 EXPORT           BusFault_Handler          [WEAK
]
  177 00000070 E7FE            B                .
  178 00000072                 ENDP
  180 00000072         UsageFault_Handler
                               PROC
  181 00000072                 EXPORT           UsageFault_Handler        [WEAK
]
  182 00000072 E7FE            B                .
  183 00000074                 ENDP
  184 00000074         SVC_Handler
                               PROC
  185 00000074                 EXPORT           SVC_Handler               [WEAK
]
  186 00000074 E7FE            B                .
  187 00000076                 ENDP
  189 00000076         DebugMon_Handler
                               PROC
  190 00000076                 EXPORT           DebugMon_Handler          [WEAK
]
  191 00000076 E7FE            B                .
  192 00000078                 ENDP
  193 00000078         PendSV_Handler
                               PROC
  194 00000078                 EXPORT           PendSV_Handler            [WEAK
]
  195 00000078 E7FE            B                .
  196 0000007A                 ENDP
  197 0000007A         SysTick_Handler
                               PROC
  198 0000007A                 EXPORT           SysTick_Handler           [WEAK
]
  199 0000007A E7FE            B                .
  200 0000007C                 ENDP
  201 0000007C         
  202 0000007C         Default_Handler
                               PROC
  203 0000007C         



ARM Macro Assembler    Page 6 


  204 0000007C                 EXPORT           WDT_IRQHandler            [WEAK
]
  205 0000007C                 EXPORT           TIMER0_IRQHandler         [WEAK
]
  206 0000007C                 EXPORT           TIMER1_IRQHandler         [WEAK
]
  207 0000007C                 EXPORT           TIMER2_IRQHandler         [WEAK
]
  208 0000007C                 EXPORT           TIMER3_IRQHandler         [WEAK
]
  209 0000007C                 EXPORT           UART0_IRQHandler          [WEAK
]
  210 0000007C                 EXPORT           UART1_IRQHandler          [WEAK
]
  211 0000007C                 EXPORT           UART2_IRQHandler          [WEAK
]
  212 0000007C                 EXPORT           UART3_IRQHandler          [WEAK
]
  213 0000007C                 EXPORT           PWM1_IRQHandler           [WEAK
]
  214 0000007C                 EXPORT           I2C0_IRQHandler           [WEAK
]
  215 0000007C                 EXPORT           I2C1_IRQHandler           [WEAK
]
  216 0000007C                 EXPORT           I2C2_IRQHandler           [WEAK
]
  217 0000007C                 EXPORT           SPI_IRQHandler            [WEAK
]
  218 0000007C                 EXPORT           SSP0_IRQHandler           [WEAK
]
  219 0000007C                 EXPORT           SSP1_IRQHandler           [WEAK
]
  220 0000007C                 EXPORT           PLL0_IRQHandler           [WEAK
]
  221 0000007C                 EXPORT           RTC_IRQHandler            [WEAK
]
  222 0000007C                 EXPORT           EINT0_IRQHandler          [WEAK
]
  223 0000007C                 EXPORT           EINT1_IRQHandler          [WEAK
]
  224 0000007C                 EXPORT           EINT2_IRQHandler          [WEAK
]
  225 0000007C                 EXPORT           EINT3_IRQHandler          [WEAK
]
  226 0000007C                 EXPORT           ADC_IRQHandler            [WEAK
]
  227 0000007C                 EXPORT           BOD_IRQHandler            [WEAK
]
  228 0000007C                 EXPORT           USB_IRQHandler            [WEAK
]
  229 0000007C                 EXPORT           CAN_IRQHandler            [WEAK
]
  230 0000007C                 EXPORT           DMA_IRQHandler            [WEAK
]
  231 0000007C                 EXPORT           I2S_IRQHandler            [WEAK
]
  232 0000007C                 EXPORT           ENET_IRQHandler           [WEAK
]
  233 0000007C                 EXPORT           RIT_IRQHandler            [WEAK



ARM Macro Assembler    Page 7 


]
  234 0000007C                 EXPORT           MCPWM_IRQHandler          [WEAK
]
  235 0000007C                 EXPORT           QEI_IRQHandler            [WEAK
]
  236 0000007C                 EXPORT           PLL1_IRQHandler           [WEAK
]
  237 0000007C                 EXPORT           USBActivity_IRQHandler    [WEAK
]
  238 0000007C                 EXPORT           CANActivity_IRQHandler    [WEAK
]
  239 0000007C         
  240 0000007C         WDT_IRQHandler
  241 0000007C         TIMER0_IRQHandler
  242 0000007C         TIMER1_IRQHandler
  243 0000007C         TIMER2_IRQHandler
  244 0000007C         TIMER3_IRQHandler
  245 0000007C         UART0_IRQHandler
  246 0000007C         UART1_IRQHandler
  247 0000007C         UART2_IRQHandler
  248 0000007C         UART3_IRQHandler
  249 0000007C         PWM1_IRQHandler
  250 0000007C         I2C0_IRQHandler
  251 0000007C         I2C1_IRQHandler
  252 0000007C         I2C2_IRQHandler
  253 0000007C         SPI_IRQHandler
  254 0000007C         SSP0_IRQHandler
  255 0000007C         SSP1_IRQHandler
  256 0000007C         PLL0_IRQHandler
  257 0000007C         RTC_IRQHandler
  258 0000007C         EINT0_IRQHandler
  259 0000007C         EINT1_IRQHandler
  260 0000007C         EINT2_IRQHandler
  261 0000007C         EINT3_IRQHandler
  262 0000007C         ADC_IRQHandler
  263 0000007C         BOD_IRQHandler
  264 0000007C         USB_IRQHandler
  265 0000007C         CAN_IRQHandler
  266 0000007C         DMA_IRQHandler
  267 0000007C         I2S_IRQHandler
  268 0000007C         ENET_IRQHandler
  269 0000007C         RIT_IRQHandler
  270 0000007C         MCPWM_IRQHandler
  271 0000007C         QEI_IRQHandler
  272 0000007C         PLL1_IRQHandler
  273 0000007C         USBActivity_IRQHandler
  274 0000007C         CANActivity_IRQHandler
  275 0000007C         
  276 0000007C E7FE            B                .
  277 0000007E         
  278 0000007E                 ENDP
  279 0000007E         
  280 0000007E         
  281 0000007E 00 00           ALIGN
  282 00000080         
  283 00000080         
  284 00000080         ; User Initial Stack & Heap
  285 00000080         
  286 00000080                 EXPORT           __initial_sp



ARM Macro Assembler    Page 8 


  287 00000080                 EXPORT           __heap_base
  288 00000080                 EXPORT           __heap_limit
  289 00000080         
  290 00000080                 END
              00000000 
              00000000 
Command Line: --debug --xref --diag_suppress=9931 --cpu=Cortex-M3 --apcs=interw
ork --depend=.\startup.d -o.\startup.o -IC:\Keil_v5\ARM\RV31\INC -IC:\Keil_v5\A
RM\CMSIS\Include -IC:\Keil_v5\ARM\INC\NXP\LPC17xx --predefine="__EVAL SETA 1" -
-predefine="__UVISION_VERSION SETA 529" --list=.\startup.lst startup.s



ARM Macro Assembler    Page 1 Alphabetic symbol ordering
Relocatable symbols

STACK 00000000

Symbol: STACK
   Definitions
      At line 33 in file startup.s
   Uses
      None
Comment: STACK unused
Stack_Mem 00000000

Symbol: Stack_Mem
   Definitions
      At line 34 in file startup.s
   Uses
      None
Comment: Stack_Mem unused
__initial_sp 00000200

Symbol: __initial_sp
   Definitions
      At line 35 in file startup.s
   Uses
      At line 61 in file startup.s
      At line 286 in file startup.s

3 symbols



ARM Macro Assembler    Page 1 Alphabetic symbol ordering
Relocatable symbols

HEAP 00000000

Symbol: HEAP
   Definitions
      At line 44 in file startup.s
   Uses
      None
Comment: HEAP unused
Heap_Mem 00000000

Symbol: Heap_Mem
   Definitions
      At line 46 in file startup.s
   Uses
      None
Comment: Heap_Mem unused
__heap_base 00000000

Symbol: __heap_base
   Definitions
      At line 45 in file startup.s
   Uses
      At line 287 in file startup.s
Comment: __heap_base used once
__heap_limit 00000000

Symbol: __heap_limit
   Definitions
      At line 49 in file startup.s
   Uses
      At line 288 in file startup.s
Comment: __heap_limit used once
4 symbols



ARM Macro Assembler    Page 1 Alphabetic symbol ordering
Relocatable symbols

RESET 00000000

Symbol: RESET
   Definitions
      At line 58 in file startup.s
   Uses
      None
Comment: RESET unused
__Vectors 00000000

Symbol: __Vectors
   Definitions
      At line 61 in file startup.s
   Uses
      At line 59 in file startup.s
Comment: __Vectors used once
2 symbols



ARM Macro Assembler    Page 1 Alphabetic symbol ordering
Relocatable symbols

.ARM.__at_0x02FC 00000000

Symbol: .ARM.__at_0x02FC
   Definitions
      At line 117 in file startup.s
   Uses
      None
Comment: .ARM.__at_0x02FC unused
CRP_Key 00000000

Symbol: CRP_Key
   Definitions
      At line 118 in file startup.s
   Uses
      None
Comment: CRP_Key unused
2 symbols



ARM Macro Assembler    Page 1 Alphabetic symbol ordering
Relocatable symbols

.text 00000000

Symbol: .text
   Definitions
      At line 122 in file startup.s
   Uses
      None
Comment: .text unused
ADC_IRQHandler 0000007C

Symbol: ADC_IRQHandler
   Definitions
      At line 262 in file startup.s
   Uses
      At line 101 in file startup.s
      At line 226 in file startup.s

BOD_IRQHandler 0000007C

Symbol: BOD_IRQHandler
   Definitions
      At line 263 in file startup.s
   Uses
      At line 102 in file startup.s
      At line 227 in file startup.s

BusFault_Handler 00000070

Symbol: BusFault_Handler
   Definitions
      At line 175 in file startup.s
   Uses
      At line 66 in file startup.s
      At line 176 in file startup.s

CANActivity_IRQHandler 0000007C

Symbol: CANActivity_IRQHandler
   Definitions
      At line 274 in file startup.s
   Uses
      At line 113 in file startup.s
      At line 238 in file startup.s

CAN_IRQHandler 0000007C

Symbol: CAN_IRQHandler
   Definitions
      At line 265 in file startup.s
   Uses
      At line 104 in file startup.s
      At line 229 in file startup.s

DMA_IRQHandler 0000007C

Symbol: DMA_IRQHandler
   Definitions
      At line 266 in file startup.s
   Uses



ARM Macro Assembler    Page 2 Alphabetic symbol ordering
Relocatable symbols

      At line 105 in file startup.s
      At line 230 in file startup.s

DebugMon_Handler 00000076

Symbol: DebugMon_Handler
   Definitions
      At line 189 in file startup.s
   Uses
      At line 73 in file startup.s
      At line 190 in file startup.s

Default_Handler 0000007C

Symbol: Default_Handler
   Definitions
      At line 202 in file startup.s
   Uses
      None
Comment: Default_Handler unused
EINT0_IRQHandler 0000007C

Symbol: EINT0_IRQHandler
   Definitions
      At line 258 in file startup.s
   Uses
      At line 97 in file startup.s
      At line 222 in file startup.s

EINT1_IRQHandler 0000007C

Symbol: EINT1_IRQHandler
   Definitions
      At line 259 in file startup.s
   Uses
      At line 98 in file startup.s
      At line 223 in file startup.s

EINT2_IRQHandler 0000007C

Symbol: EINT2_IRQHandler
   Definitions
      At line 260 in file startup.s
   Uses
      At line 99 in file startup.s
      At line 224 in file startup.s

EINT3_IRQHandler 0000007C

Symbol: EINT3_IRQHandler
   Definitions
      At line 261 in file startup.s
   Uses
      At line 100 in file startup.s
      At line 225 in file startup.s

ENET_IRQHandler 0000007C

Symbol: ENET_IRQHandler



ARM Macro Assembler    Page 3 Alphabetic symbol ordering
Relocatable symbols

   Definitions
      At line 268 in file startup.s
   Uses
      At line 107 in file startup.s
      At line 232 in file startup.s

HardFault_Handler 0000006C

Symbol: HardFault_Handler
   Definitions
      At line 165 in file startup.s
   Uses
      At line 64 in file startup.s
      At line 166 in file startup.s

I2C0_IRQHandler 0000007C

Symbol: I2C0_IRQHandler
   Definitions
      At line 250 in file startup.s
   Uses
      At line 89 in file startup.s
      At line 214 in file startup.s

I2C1_IRQHandler 0000007C

Symbol: I2C1_IRQHandler
   Definitions
      At line 251 in file startup.s
   Uses
      At line 90 in file startup.s
      At line 215 in file startup.s

I2C2_IRQHandler 0000007C

Symbol: I2C2_IRQHandler
   Definitions
      At line 252 in file startup.s
   Uses
      At line 91 in file startup.s
      At line 216 in file startup.s

I2S_IRQHandler 0000007C

Symbol: I2S_IRQHandler
   Definitions
      At line 267 in file startup.s
   Uses
      At line 106 in file startup.s
      At line 231 in file startup.s

MCPWM_IRQHandler 0000007C

Symbol: MCPWM_IRQHandler
   Definitions
      At line 270 in file startup.s
   Uses
      At line 109 in file startup.s
      At line 234 in file startup.s



ARM Macro Assembler    Page 4 Alphabetic symbol ordering
Relocatable symbols


MemManage_Handler 0000006E

Symbol: MemManage_Handler
   Definitions
      At line 170 in file startup.s
   Uses
      At line 65 in file startup.s
      At line 171 in file startup.s

NMI_Handler 0000006A

Symbol: NMI_Handler
   Definitions
      At line 160 in file startup.s
   Uses
      At line 63 in file startup.s
      At line 161 in file startup.s

PLL0_IRQHandler 0000007C

Symbol: PLL0_IRQHandler
   Definitions
      At line 256 in file startup.s
   Uses
      At line 95 in file startup.s
      At line 220 in file startup.s

PLL1_IRQHandler 0000007C

Symbol: PLL1_IRQHandler
   Definitions
      At line 272 in file startup.s
   Uses
      At line 111 in file startup.s
      At line 236 in file startup.s

PWM1_IRQHandler 0000007C

Symbol: PWM1_IRQHandler
   Definitions
      At line 249 in file startup.s
   Uses
      At line 88 in file startup.s
      At line 213 in file startup.s

PendSV_Handler 00000078

Symbol: PendSV_Handler
   Definitions
      At line 193 in file startup.s
   Uses
      At line 75 in file startup.s
      At line 194 in file startup.s

QEI_IRQHandler 0000007C

Symbol: QEI_IRQHandler
   Definitions



ARM Macro Assembler    Page 5 Alphabetic symbol ordering
Relocatable symbols

      At line 271 in file startup.s
   Uses
      At line 110 in file startup.s
      At line 235 in file startup.s

RIT_IRQHandler 0000007C

Symbol: RIT_IRQHandler
   Definitions
      At line 269 in file startup.s
   Uses
      At line 108 in file startup.s
      At line 233 in file startup.s

RTC_IRQHandler 0000007C

Symbol: RTC_IRQHandler
   Definitions
      At line 257 in file startup.s
   Uses
      At line 96 in file startup.s
      At line 221 in file startup.s

Reset_Handler 00000000

Symbol: Reset_Handler
   Definitions
      At line 127 in file startup.s
   Uses
      At line 62 in file startup.s
      At line 128 in file startup.s
      At line 129 in file startup.s

SPI_IRQHandler 0000007C

Symbol: SPI_IRQHandler
   Definitions
      At line 253 in file startup.s
   Uses
      At line 92 in file startup.s
      At line 217 in file startup.s

SSP0_IRQHandler 0000007C

Symbol: SSP0_IRQHandler
   Definitions
      At line 254 in file startup.s
   Uses
      At line 93 in file startup.s
      At line 218 in file startup.s

SSP1_IRQHandler 0000007C

Symbol: SSP1_IRQHandler
   Definitions
      At line 255 in file startup.s
   Uses
      At line 94 in file startup.s
      At line 219 in file startup.s



ARM Macro Assembler    Page 6 Alphabetic symbol ordering
Relocatable symbols


SVC_Handler 00000074

Symbol: SVC_Handler
   Definitions
      At line 184 in file startup.s
   Uses
      At line 72 in file startup.s
      At line 185 in file startup.s

Sin0 00000002

Symbol: Sin0
   Definitions
      At line 132 in file startup.s
   Uses
      At line 134 in file startup.s
Comment: Sin0 used once
SysTick_Handler 0000007A

Symbol: SysTick_Handler
   Definitions
      At line 197 in file startup.s
   Uses
      At line 76 in file startup.s
      At line 198 in file startup.s

TIMER0_IRQHandler 0000007C

Symbol: TIMER0_IRQHandler
   Definitions
      At line 241 in file startup.s
   Uses
      At line 80 in file startup.s
      At line 205 in file startup.s

TIMER1_IRQHandler 0000007C

Symbol: TIMER1_IRQHandler
   Definitions
      At line 242 in file startup.s
   Uses
      At line 81 in file startup.s
      At line 206 in file startup.s

TIMER2_IRQHandler 0000007C

Symbol: TIMER2_IRQHandler
   Definitions
      At line 243 in file startup.s
   Uses
      At line 82 in file startup.s
      At line 207 in file startup.s

TIMER3_IRQHandler 0000007C

Symbol: TIMER3_IRQHandler
   Definitions
      At line 244 in file startup.s



ARM Macro Assembler    Page 7 Alphabetic symbol ordering
Relocatable symbols

   Uses
      At line 83 in file startup.s
      At line 208 in file startup.s

UART0_IRQHandler 0000007C

Symbol: UART0_IRQHandler
   Definitions
      At line 245 in file startup.s
   Uses
      At line 84 in file startup.s
      At line 209 in file startup.s

UART1_IRQHandler 0000007C

Symbol: UART1_IRQHandler
   Definitions
      At line 246 in file startup.s
   Uses
      At line 85 in file startup.s
      At line 210 in file startup.s

UART2_IRQHandler 0000007C

Symbol: UART2_IRQHandler
   Definitions
      At line 247 in file startup.s
   Uses
      At line 86 in file startup.s
      At line 211 in file startup.s

UART3_IRQHandler 0000007C

Symbol: UART3_IRQHandler
   Definitions
      At line 248 in file startup.s
   Uses
      At line 87 in file startup.s
      At line 212 in file startup.s

USBActivity_IRQHandler 0000007C

Symbol: USBActivity_IRQHandler
   Definitions
      At line 273 in file startup.s
   Uses
      At line 112 in file startup.s
      At line 237 in file startup.s

USB_IRQHandler 0000007C

Symbol: USB_IRQHandler
   Definitions
      At line 264 in file startup.s
   Uses
      At line 103 in file startup.s
      At line 228 in file startup.s

UsageFault_Handler 00000072



ARM Macro Assembler    Page 8 Alphabetic symbol ordering
Relocatable symbols


Symbol: UsageFault_Handler
   Definitions
      At line 180 in file startup.s
   Uses
      At line 67 in file startup.s
      At line 181 in file startup.s

WDT_IRQHandler 0000007C

Symbol: WDT_IRQHandler
   Definitions
      At line 240 in file startup.s
   Uses
      At line 79 in file startup.s
      At line 204 in file startup.s

exit 00000068

Symbol: exit
   Definitions
      At line 150 in file startup.s
   Uses
      At line 141 in file startup.s
Comment: exit used once
loop 00000050

Symbol: loop
   Definitions
      At line 140 in file startup.s
   Uses
      At line 148 in file startup.s
Comment: loop used once
50 symbols



ARM Macro Assembler    Page 1 Alphabetic symbol ordering
Absolute symbols

Heap_Size 00000000

Symbol: Heap_Size
   Definitions
      At line 42 in file startup.s
   Uses
      At line 46 in file startup.s
Comment: Heap_Size used once
Stack_Size 00000200

Symbol: Stack_Size
   Definitions
      At line 31 in file startup.s
   Uses
      At line 34 in file startup.s
Comment: Stack_Size used once
2 symbols
399 symbols in table
