


ARM Macro Assembler    Page 1 


    1 00000000         ;/******************************************************
                       ********************//**
    2 00000000         ; * @file     startup_LPC17xx.s
    3 00000000         ; * @brief    CMSIS Cortex-M3 Core Device Startup File f
                       or
    4 00000000         ; *           NXP LPC17xx Device Series
    5 00000000         ; * @version  V1.10
    6 00000000         ; * @date     06. April 2011
    7 00000000         ; *
    8 00000000         ; * @note
    9 00000000         ; * Copyright (C) 2009-2011 ARM Limited. All rights rese
                       rved.
   10 00000000         ; *
   11 00000000         ; * @par
   12 00000000         ; * ARM Limited (ARM) is supplying this software for use
                        with Cortex-M
   13 00000000         ; * processor based microcontrollers.  This file can be 
                       freely distributed
   14 00000000         ; * within development tools that are supporting such AR
                       M based processors.
   15 00000000         ; *
   16 00000000         ; * @par
   17 00000000         ; * THIS SOFTWARE IS PROVIDED "AS IS".  NO WARRANTIES, W
                       HETHER EXPRESS, IMPLIED
   18 00000000         ; * OR STATUTORY, INCLUDING, BUT NOT LIMITED TO, IMPLIED
                        WARRANTIES OF
   19 00000000         ; * MERCHANTABILITY AND FITNESS FOR A PARTICULAR PURPOSE
                        APPLY TO THIS SOFTWARE.
   20 00000000         ; * ARM SHALL NOT, IN ANY CIRCUMSTANCES, BE LIABLE FOR S
                       PECIAL, INCIDENTAL, OR
   21 00000000         ; * CONSEQUENTIAL DAMAGES, FOR ANY REASON WHATSOEVER.
   22 00000000         ; *
   23 00000000         ; ******************************************************
                       ************************/
   24 00000000         
   25 00000000         ; *------- <<< Use Configuration Wizard in Context Menu 
                       >>> ------------------
   26 00000000         
   27 00000000         ; <h> Stack Configuration
   28 00000000         ;   <o> Stack Size (in Bytes) <0x0-0xFFFFFFFF:8>
   29 00000000         ; </h>
   30 00000000         
   31 00000000 00000200 
                       Stack_Size
                               EQU              0x00000200
   32 00000000         
   33 00000000                 AREA             STACK, NOINIT, READWRITE, ALIGN
=3
   34 00000000         Stack_Mem
                               SPACE            Stack_Size
   35 00000200         __initial_sp
   36 00000200         
   37 00000200         
   38 00000200         ; <h> Heap Configuration
   39 00000200         ;   <o>  Heap Size (in Bytes) <0x0-0xFFFFFFFF:8>
   40 00000200         ; </h>
   41 00000200         
   42 00000200 00000000 
                       Heap_Size



ARM Macro Assembler    Page 2 


                               EQU              0x00000000
   43 00000200         
   44 00000200                 AREA             HEAP, NOINIT, READWRITE, ALIGN=
3
   45 00000000         __heap_base
   46 00000000         Heap_Mem
                               SPACE            Heap_Size
   47 00000000         
   48 00000000         
   49 00000000         __heap_limit
   50 00000000         
   51 00000000         
   52 00000000                 PRESERVE8
   53 00000000                 THUMB
   54 00000000         
   55 00000000         
   56 00000000         ; Vector Table Mapped to Address 0 at Reset
   57 00000000         
   58 00000000                 AREA             RESET, DATA, READONLY
   59 00000000                 EXPORT           __Vectors
   60 00000000         
   61 00000000 00000000 
                       __Vectors
                               DCD              __initial_sp ; Top of Stack
   62 00000004 00000000        DCD              Reset_Handler ; Reset Handler
   63 00000008 00000000        DCD              NMI_Handler ; NMI Handler
   64 0000000C 00000000        DCD              HardFault_Handler ; Hard Fault 
                                                            Handler
   65 00000010 00000000        DCD              MemManage_Handler 
                                                            ; MPU Fault Handler
                                                            
   66 00000014 00000000        DCD              BusFault_Handler 
                                                            ; Bus Fault Handler
                                                            
   67 00000018 00000000        DCD              UsageFault_Handler ; Usage Faul
                                                            t Handler
   68 0000001C 00000000        DCD              0           ; Reserved
   69 00000020 00000000        DCD              0           ; Reserved
   70 00000024 00000000        DCD              0           ; Reserved
   71 00000028 00000000        DCD              0           ; Reserved
   72 0000002C 00000000        DCD              SVC_Handler ; SVCall Handler
   73 00000030 00000000        DCD              DebugMon_Handler ; Debug Monito
                                                            r Handler
   74 00000034 00000000        DCD              0           ; Reserved
   75 00000038 00000000        DCD              PendSV_Handler ; PendSV Handler
                                                            
   76 0000003C 00000000        DCD              SysTick_Handler 
                                                            ; SysTick Handler
   77 00000040         
   78 00000040         ; External Interrupts
   79 00000040 00000000        DCD              WDT_IRQHandler ; 16: Watchdog T
                                                            imer
   80 00000044 00000000        DCD              TIMER0_IRQHandler ; 17: Timer0
   81 00000048 00000000        DCD              TIMER1_IRQHandler ; 18: Timer1
   82 0000004C 00000000        DCD              TIMER2_IRQHandler ; 19: Timer2
   83 00000050 00000000        DCD              TIMER3_IRQHandler ; 20: Timer3
   84 00000054 00000000        DCD              UART0_IRQHandler ; 21: UART0
   85 00000058 00000000        DCD              UART1_IRQHandler ; 22: UART1
   86 0000005C 00000000        DCD              UART2_IRQHandler ; 23: UART2



ARM Macro Assembler    Page 3 


   87 00000060 00000000        DCD              UART3_IRQHandler ; 24: UART3
   88 00000064 00000000        DCD              PWM1_IRQHandler ; 25: PWM1
   89 00000068 00000000        DCD              I2C0_IRQHandler ; 26: I2C0
   90 0000006C 00000000        DCD              I2C1_IRQHandler ; 27: I2C1
   91 00000070 00000000        DCD              I2C2_IRQHandler ; 28: I2C2
   92 00000074 00000000        DCD              SPI_IRQHandler ; 29: SPI
   93 00000078 00000000        DCD              SSP0_IRQHandler ; 30: SSP0
   94 0000007C 00000000        DCD              SSP1_IRQHandler ; 31: SSP1
   95 00000080 00000000        DCD              PLL0_IRQHandler ; 32: PLL0 Lock
                                                             (Main PLL)
   96 00000084 00000000        DCD              RTC_IRQHandler ; 33: Real Time 
                                                            Clock
   97 00000088 00000000        DCD              EINT0_IRQHandler ; 34: External
                                                             Interrupt 0
   98 0000008C 00000000        DCD              EINT1_IRQHandler ; 35: External
                                                             Interrupt 1
   99 00000090 00000000        DCD              EINT2_IRQHandler ; 36: External
                                                             Interrupt 2
  100 00000094 00000000        DCD              EINT3_IRQHandler ; 37: External
                                                             Interrupt 3
  101 00000098 00000000        DCD              ADC_IRQHandler 
                                                            ; 38: A/D Converter
                                                            
  102 0000009C 00000000        DCD              BOD_IRQHandler ; 39: Brown-Out 
                                                            Detect
  103 000000A0 00000000        DCD              USB_IRQHandler ; 40: USB
  104 000000A4 00000000        DCD              CAN_IRQHandler ; 41: CAN
  105 000000A8 00000000        DCD              DMA_IRQHandler ; 42: General Pu
                                                            rpose DMA
  106 000000AC 00000000        DCD              I2S_IRQHandler ; 43: I2S
  107 000000B0 00000000        DCD              ENET_IRQHandler ; 44: Ethernet
  108 000000B4 00000000        DCD              RIT_IRQHandler ; 45: Repetitive
                                                             Interrupt Timer
  109 000000B8 00000000        DCD              MCPWM_IRQHandler ; 46: Motor Co
                                                            ntrol PWM
  110 000000BC 00000000        DCD              QEI_IRQHandler ; 47: Quadrature
                                                             Encoder Interface
  111 000000C0 00000000        DCD              PLL1_IRQHandler ; 48: PLL1 Lock
                                                             (USB PLL)
  112 000000C4 00000000        DCD              USBActivity_IRQHandler ; 49: US
                                                            B Activity interrup
                                                            t to wakeup
  113 000000C8 00000000        DCD              CANActivity_IRQHandler ; 50: CA
                                                            N Activity interrup
                                                            t to wakeup
  114 000000CC         
  115 000000CC         
  116 000000CC                 IF               :LNOT::DEF:NO_CRP
  117 000000CC                 AREA             |.ARM.__at_0x02FC|, CODE, READO
NLY
  118 00000000 FFFFFFFF 
                       CRP_Key DCD              0xFFFFFFFF
  119 00000004                 ENDIF
  120 00000004         
  121 00000004         
  122 00000004                 AREA             dati,DATA,READWRITE
  123 00000000 00 00 00 
              00 00 00 
              00 00 00 



ARM Macro Assembler    Page 4 


              00 00 00 
              00 00 00 
              00 00 00 
              00 00 00 
              00 00 00 
              00 00 00 
              00 00 00 
              00 00 00 
              00 00 00 
              00 00 00 
              00 00 00 
              00 00 00 
              00 00 00 
              00 00 00 
              00 00 00 
              00 00 00 
              00 00 00 
              00 00 00 
              00       Res     DCW              0,0,0,0,0,0,0,0,0,0,0,0,0,0,0,0
,0,0,0,0,0,0,0,0,0,0,0,0,0,0,0,0
  124 00000040         
  125 00000040         
  126 00000040                 AREA             |.text|, CODE, READONLY
  127 00000000         
  128 00000000         
  129 00000000         ; Reset Handler
  130 00000000         
  131 00000000         
  132 00000000         Reset_Handler
                               PROC
  133 00000000                 EXPORT           Reset_Handler             [WEAK
]
  134 00000000 481D            LDR              R0, =Reset_Handler
  135 00000002         
  136 00000002                 ALIGN            2
  137 00000002 00 02 64 
              02 C4 02 
              1C 03 69 
              03 A9 03 
              D8 03 F5 
              03 FF 03 
              F5 03 D8 
              03 A9 03 
              69 03 1C 
              03 C4 02 
              64 02 00 
              02 9C 01 
              3C 01 E4 
              00 97 00 
              57 00 28 
              00 0B 00 
              01 00 0B 
              00 28 00 
              57 00 97 
              00 E4 00 
              3C 01 9C 
              01       Sin0    DCW              512,  612,  708,  796,  873, 93
7,  984, 1013, 1023, 1013, 984,  937,  873,  796,  708,  612,  512,  412,  316,
  228, 151,   87,   40,   11,    1,  11,   40,   87,  151,  228, 316,  412



ARM Macro Assembler    Page 5 


  138 00000042         
  139 00000042 490E            LDR              R1,=Sin0
  140 00000044 4C0E            LDR              R4,=Res
  141 00000046 F04F 0200       MOV              R2,#0       ;indice vettore
  142 0000004A F04F 0340       MOV              R3,#64      ;lunghezza vettore
  143 0000004E         
  144 0000004E 429A    loop    CMP              R2,R3
  145 00000050 D006            BEQ              exit
  146 00000052 5A8E            LDRH             R6,[R1,R2]  ;valore corrente
  147 00000054 EA4F 0656       LSR              R6,R6,#1
  148 00000058 52A6            STRH             R6,[R4,R2]
  149 0000005A F102 0202       ADD              R2,#2
  150 0000005E E7F6            B                loop
  151 00000060         
  152 00000060         exit
  153 00000060         ; your code here
  154 00000060         
  155 00000060         
  156 00000060 4700            BX               R0
  157 00000062                 ENDP
  158 00000062         
  159 00000062         
  160 00000062         ; Dummy Exception Handlers (infinite loops which can be 
                       modified)
  161 00000062         
  162 00000062         NMI_Handler
                               PROC
  163 00000062                 EXPORT           NMI_Handler               [WEAK
]
  164 00000062 E7FE            B                .
  165 00000064                 ENDP
  167 00000064         HardFault_Handler
                               PROC
  168 00000064                 EXPORT           HardFault_Handler         [WEAK
]
  169 00000064 E7FE            B                .
  170 00000066                 ENDP
  172 00000066         MemManage_Handler
                               PROC
  173 00000066                 EXPORT           MemManage_Handler         [WEAK
]
  174 00000066 E7FE            B                .
  175 00000068                 ENDP
  177 00000068         BusFault_Handler
                               PROC
  178 00000068                 EXPORT           BusFault_Handler          [WEAK
]
  179 00000068 E7FE            B                .
  180 0000006A                 ENDP
  182 0000006A         UsageFault_Handler
                               PROC
  183 0000006A                 EXPORT           UsageFault_Handler        [WEAK
]
  184 0000006A E7FE            B                .
  185 0000006C                 ENDP
  186 0000006C         SVC_Handler
                               PROC
  187 0000006C                 EXPORT           SVC_Handler               [WEAK
]



ARM Macro Assembler    Page 6 


  188 0000006C E7FE            B                .
  189 0000006E                 ENDP
  191 0000006E         DebugMon_Handler
                               PROC
  192 0000006E                 EXPORT           DebugMon_Handler          [WEAK
]
  193 0000006E E7FE            B                .
  194 00000070                 ENDP
  195 00000070         PendSV_Handler
                               PROC
  196 00000070                 EXPORT           PendSV_Handler            [WEAK
]
  197 00000070 E7FE            B                .
  198 00000072                 ENDP
  199 00000072         SysTick_Handler
                               PROC
  200 00000072                 EXPORT           SysTick_Handler           [WEAK
]
  201 00000072 E7FE            B                .
  202 00000074                 ENDP
  203 00000074         
  204 00000074         Default_Handler
                               PROC
  205 00000074         
  206 00000074                 EXPORT           WDT_IRQHandler            [WEAK
]
  207 00000074                 EXPORT           TIMER0_IRQHandler         [WEAK
]
  208 00000074                 EXPORT           TIMER1_IRQHandler         [WEAK
]
  209 00000074                 EXPORT           TIMER2_IRQHandler         [WEAK
]
  210 00000074                 EXPORT           TIMER3_IRQHandler         [WEAK
]
  211 00000074                 EXPORT           UART0_IRQHandler          [WEAK
]
  212 00000074                 EXPORT           UART1_IRQHandler          [WEAK
]
  213 00000074                 EXPORT           UART2_IRQHandler          [WEAK
]
  214 00000074                 EXPORT           UART3_IRQHandler          [WEAK
]
  215 00000074                 EXPORT           PWM1_IRQHandler           [WEAK
]
  216 00000074                 EXPORT           I2C0_IRQHandler           [WEAK
]
  217 00000074                 EXPORT           I2C1_IRQHandler           [WEAK
]
  218 00000074                 EXPORT           I2C2_IRQHandler           [WEAK
]
  219 00000074                 EXPORT           SPI_IRQHandler            [WEAK
]
  220 00000074                 EXPORT           SSP0_IRQHandler           [WEAK
]
  221 00000074                 EXPORT           SSP1_IRQHandler           [WEAK
]
  222 00000074                 EXPORT           PLL0_IRQHandler           [WEAK
]
  223 00000074                 EXPORT           RTC_IRQHandler            [WEAK



ARM Macro Assembler    Page 7 


]
  224 00000074                 EXPORT           EINT0_IRQHandler          [WEAK
]
  225 00000074                 EXPORT           EINT1_IRQHandler          [WEAK
]
  226 00000074                 EXPORT           EINT2_IRQHandler          [WEAK
]
  227 00000074                 EXPORT           EINT3_IRQHandler          [WEAK
]
  228 00000074                 EXPORT           ADC_IRQHandler            [WEAK
]
  229 00000074                 EXPORT           BOD_IRQHandler            [WEAK
]
  230 00000074                 EXPORT           USB_IRQHandler            [WEAK
]
  231 00000074                 EXPORT           CAN_IRQHandler            [WEAK
]
  232 00000074                 EXPORT           DMA_IRQHandler            [WEAK
]
  233 00000074                 EXPORT           I2S_IRQHandler            [WEAK
]
  234 00000074                 EXPORT           ENET_IRQHandler           [WEAK
]
  235 00000074                 EXPORT           RIT_IRQHandler            [WEAK
]
  236 00000074                 EXPORT           MCPWM_IRQHandler          [WEAK
]
  237 00000074                 EXPORT           QEI_IRQHandler            [WEAK
]
  238 00000074                 EXPORT           PLL1_IRQHandler           [WEAK
]
  239 00000074                 EXPORT           USBActivity_IRQHandler    [WEAK
]
  240 00000074                 EXPORT           CANActivity_IRQHandler    [WEAK
]
  241 00000074         
  242 00000074         WDT_IRQHandler
  243 00000074         TIMER0_IRQHandler
  244 00000074         TIMER1_IRQHandler
  245 00000074         TIMER2_IRQHandler
  246 00000074         TIMER3_IRQHandler
  247 00000074         UART0_IRQHandler
  248 00000074         UART1_IRQHandler
  249 00000074         UART2_IRQHandler
  250 00000074         UART3_IRQHandler
  251 00000074         PWM1_IRQHandler
  252 00000074         I2C0_IRQHandler
  253 00000074         I2C1_IRQHandler
  254 00000074         I2C2_IRQHandler
  255 00000074         SPI_IRQHandler
  256 00000074         SSP0_IRQHandler
  257 00000074         SSP1_IRQHandler
  258 00000074         PLL0_IRQHandler
  259 00000074         RTC_IRQHandler
  260 00000074         EINT0_IRQHandler
  261 00000074         EINT1_IRQHandler
  262 00000074         EINT2_IRQHandler
  263 00000074         EINT3_IRQHandler
  264 00000074         ADC_IRQHandler



ARM Macro Assembler    Page 8 


  265 00000074         BOD_IRQHandler
  266 00000074         USB_IRQHandler
  267 00000074         CAN_IRQHandler
  268 00000074         DMA_IRQHandler
  269 00000074         I2S_IRQHandler
  270 00000074         ENET_IRQHandler
  271 00000074         RIT_IRQHandler
  272 00000074         MCPWM_IRQHandler
  273 00000074         QEI_IRQHandler
  274 00000074         PLL1_IRQHandler
  275 00000074         USBActivity_IRQHandler
  276 00000074         CANActivity_IRQHandler
  277 00000074         
  278 00000074 E7FE            B                .
  279 00000076         
  280 00000076                 ENDP
  281 00000076         
  282 00000076         
  283 00000076 00 00           ALIGN
  284 00000078         
  285 00000078         
  286 00000078         ; User Initial Stack & Heap
  287 00000078         
  288 00000078                 EXPORT           __initial_sp
  289 00000078                 EXPORT           __heap_base
  290 00000078                 EXPORT           __heap_limit
  291 00000078         
  292 00000078                 END
              00000000 
              00000000 
              00000000 
Command Line: --debug --xref --diag_suppress=9931 --cpu=Cortex-M3 --apcs=interw
ork --depend=.\startup.d -o.\startup.o -IC:\Keil_v5\ARM\RV31\INC -IC:\Keil_v5\A
RM\CMSIS\Include -IC:\Keil_v5\ARM\INC\NXP\LPC17xx --predefine="__EVAL SETA 1" -
-predefine="__UVISION_VERSION SETA 529" --list=.\startup.lst startup.s



ARM Macro Assembler    Page 1 Alphabetic symbol ordering
Relocatable symbols

STACK 00000000

Symbol: STACK
   Definitions
      At line 33 in file startup.s
   Uses
      None
Comment: STACK unused
Stack_Mem 00000000

Symbol: Stack_Mem
   Definitions
      At line 34 in file startup.s
   Uses
      None
Comment: Stack_Mem unused
__initial_sp 00000200

Symbol: __initial_sp
   Definitions
      At line 35 in file startup.s
   Uses
      At line 61 in file startup.s
      At line 288 in file startup.s

3 symbols



ARM Macro Assembler    Page 1 Alphabetic symbol ordering
Relocatable symbols

HEAP 00000000

Symbol: HEAP
   Definitions
      At line 44 in file startup.s
   Uses
      None
Comment: HEAP unused
Heap_Mem 00000000

Symbol: Heap_Mem
   Definitions
      At line 46 in file startup.s
   Uses
      None
Comment: Heap_Mem unused
__heap_base 00000000

Symbol: __heap_base
   Definitions
      At line 45 in file startup.s
   Uses
      At line 289 in file startup.s
Comment: __heap_base used once
__heap_limit 00000000

Symbol: __heap_limit
   Definitions
      At line 49 in file startup.s
   Uses
      At line 290 in file startup.s
Comment: __heap_limit used once
4 symbols



ARM Macro Assembler    Page 1 Alphabetic symbol ordering
Relocatable symbols

RESET 00000000

Symbol: RESET
   Definitions
      At line 58 in file startup.s
   Uses
      None
Comment: RESET unused
__Vectors 00000000

Symbol: __Vectors
   Definitions
      At line 61 in file startup.s
   Uses
      At line 59 in file startup.s
Comment: __Vectors used once
2 symbols



ARM Macro Assembler    Page 1 Alphabetic symbol ordering
Relocatable symbols

.ARM.__at_0x02FC 00000000

Symbol: .ARM.__at_0x02FC
   Definitions
      At line 117 in file startup.s
   Uses
      None
Comment: .ARM.__at_0x02FC unused
CRP_Key 00000000

Symbol: CRP_Key
   Definitions
      At line 118 in file startup.s
   Uses
      None
Comment: CRP_Key unused
2 symbols



ARM Macro Assembler    Page 1 Alphabetic symbol ordering
Relocatable symbols

Res 00000000

Symbol: Res
   Definitions
      At line 123 in file startup.s
   Uses
      At line 140 in file startup.s
Comment: Res used once
dati 00000000

Symbol: dati
   Definitions
      At line 122 in file startup.s
   Uses
      None
Comment: dati unused
2 symbols



ARM Macro Assembler    Page 1 Alphabetic symbol ordering
Relocatable symbols

.text 00000000

Symbol: .text
   Definitions
      At line 126 in file startup.s
   Uses
      None
Comment: .text unused
ADC_IRQHandler 00000074

Symbol: ADC_IRQHandler
   Definitions
      At line 264 in file startup.s
   Uses
      At line 101 in file startup.s
      At line 228 in file startup.s

BOD_IRQHandler 00000074

Symbol: BOD_IRQHandler
   Definitions
      At line 265 in file startup.s
   Uses
      At line 102 in file startup.s
      At line 229 in file startup.s

BusFault_Handler 00000068

Symbol: BusFault_Handler
   Definitions
      At line 177 in file startup.s
   Uses
      At line 66 in file startup.s
      At line 178 in file startup.s

CANActivity_IRQHandler 00000074

Symbol: CANActivity_IRQHandler
   Definitions
      At line 276 in file startup.s
   Uses
      At line 113 in file startup.s
      At line 240 in file startup.s

CAN_IRQHandler 00000074

Symbol: CAN_IRQHandler
   Definitions
      At line 267 in file startup.s
   Uses
      At line 104 in file startup.s
      At line 231 in file startup.s

DMA_IRQHandler 00000074

Symbol: DMA_IRQHandler
   Definitions
      At line 268 in file startup.s
   Uses



ARM Macro Assembler    Page 2 Alphabetic symbol ordering
Relocatable symbols

      At line 105 in file startup.s
      At line 232 in file startup.s

DebugMon_Handler 0000006E

Symbol: DebugMon_Handler
   Definitions
      At line 191 in file startup.s
   Uses
      At line 73 in file startup.s
      At line 192 in file startup.s

Default_Handler 00000074

Symbol: Default_Handler
   Definitions
      At line 204 in file startup.s
   Uses
      None
Comment: Default_Handler unused
EINT0_IRQHandler 00000074

Symbol: EINT0_IRQHandler
   Definitions
      At line 260 in file startup.s
   Uses
      At line 97 in file startup.s
      At line 224 in file startup.s

EINT1_IRQHandler 00000074

Symbol: EINT1_IRQHandler
   Definitions
      At line 261 in file startup.s
   Uses
      At line 98 in file startup.s
      At line 225 in file startup.s

EINT2_IRQHandler 00000074

Symbol: EINT2_IRQHandler
   Definitions
      At line 262 in file startup.s
   Uses
      At line 99 in file startup.s
      At line 226 in file startup.s

EINT3_IRQHandler 00000074

Symbol: EINT3_IRQHandler
   Definitions
      At line 263 in file startup.s
   Uses
      At line 100 in file startup.s
      At line 227 in file startup.s

ENET_IRQHandler 00000074

Symbol: ENET_IRQHandler



ARM Macro Assembler    Page 3 Alphabetic symbol ordering
Relocatable symbols

   Definitions
      At line 270 in file startup.s
   Uses
      At line 107 in file startup.s
      At line 234 in file startup.s

HardFault_Handler 00000064

Symbol: HardFault_Handler
   Definitions
      At line 167 in file startup.s
   Uses
      At line 64 in file startup.s
      At line 168 in file startup.s

I2C0_IRQHandler 00000074

Symbol: I2C0_IRQHandler
   Definitions
      At line 252 in file startup.s
   Uses
      At line 89 in file startup.s
      At line 216 in file startup.s

I2C1_IRQHandler 00000074

Symbol: I2C1_IRQHandler
   Definitions
      At line 253 in file startup.s
   Uses
      At line 90 in file startup.s
      At line 217 in file startup.s

I2C2_IRQHandler 00000074

Symbol: I2C2_IRQHandler
   Definitions
      At line 254 in file startup.s
   Uses
      At line 91 in file startup.s
      At line 218 in file startup.s

I2S_IRQHandler 00000074

Symbol: I2S_IRQHandler
   Definitions
      At line 269 in file startup.s
   Uses
      At line 106 in file startup.s
      At line 233 in file startup.s

MCPWM_IRQHandler 00000074

Symbol: MCPWM_IRQHandler
   Definitions
      At line 272 in file startup.s
   Uses
      At line 109 in file startup.s
      At line 236 in file startup.s



ARM Macro Assembler    Page 4 Alphabetic symbol ordering
Relocatable symbols


MemManage_Handler 00000066

Symbol: MemManage_Handler
   Definitions
      At line 172 in file startup.s
   Uses
      At line 65 in file startup.s
      At line 173 in file startup.s

NMI_Handler 00000062

Symbol: NMI_Handler
   Definitions
      At line 162 in file startup.s
   Uses
      At line 63 in file startup.s
      At line 163 in file startup.s

PLL0_IRQHandler 00000074

Symbol: PLL0_IRQHandler
   Definitions
      At line 258 in file startup.s
   Uses
      At line 95 in file startup.s
      At line 222 in file startup.s

PLL1_IRQHandler 00000074

Symbol: PLL1_IRQHandler
   Definitions
      At line 274 in file startup.s
   Uses
      At line 111 in file startup.s
      At line 238 in file startup.s

PWM1_IRQHandler 00000074

Symbol: PWM1_IRQHandler
   Definitions
      At line 251 in file startup.s
   Uses
      At line 88 in file startup.s
      At line 215 in file startup.s

PendSV_Handler 00000070

Symbol: PendSV_Handler
   Definitions
      At line 195 in file startup.s
   Uses
      At line 75 in file startup.s
      At line 196 in file startup.s

QEI_IRQHandler 00000074

Symbol: QEI_IRQHandler
   Definitions



ARM Macro Assembler    Page 5 Alphabetic symbol ordering
Relocatable symbols

      At line 273 in file startup.s
   Uses
      At line 110 in file startup.s
      At line 237 in file startup.s

RIT_IRQHandler 00000074

Symbol: RIT_IRQHandler
   Definitions
      At line 271 in file startup.s
   Uses
      At line 108 in file startup.s
      At line 235 in file startup.s

RTC_IRQHandler 00000074

Symbol: RTC_IRQHandler
   Definitions
      At line 259 in file startup.s
   Uses
      At line 96 in file startup.s
      At line 223 in file startup.s

Reset_Handler 00000000

Symbol: Reset_Handler
   Definitions
      At line 132 in file startup.s
   Uses
      At line 62 in file startup.s
      At line 133 in file startup.s
      At line 134 in file startup.s

SPI_IRQHandler 00000074

Symbol: SPI_IRQHandler
   Definitions
      At line 255 in file startup.s
   Uses
      At line 92 in file startup.s
      At line 219 in file startup.s

SSP0_IRQHandler 00000074

Symbol: SSP0_IRQHandler
   Definitions
      At line 256 in file startup.s
   Uses
      At line 93 in file startup.s
      At line 220 in file startup.s

SSP1_IRQHandler 00000074

Symbol: SSP1_IRQHandler
   Definitions
      At line 257 in file startup.s
   Uses
      At line 94 in file startup.s
      At line 221 in file startup.s



ARM Macro Assembler    Page 6 Alphabetic symbol ordering
Relocatable symbols


SVC_Handler 0000006C

Symbol: SVC_Handler
   Definitions
      At line 186 in file startup.s
   Uses
      At line 72 in file startup.s
      At line 187 in file startup.s

Sin0 00000002

Symbol: Sin0
   Definitions
      At line 137 in file startup.s
   Uses
      At line 139 in file startup.s
Comment: Sin0 used once
SysTick_Handler 00000072

Symbol: SysTick_Handler
   Definitions
      At line 199 in file startup.s
   Uses
      At line 76 in file startup.s
      At line 200 in file startup.s

TIMER0_IRQHandler 00000074

Symbol: TIMER0_IRQHandler
   Definitions
      At line 243 in file startup.s
   Uses
      At line 80 in file startup.s
      At line 207 in file startup.s

TIMER1_IRQHandler 00000074

Symbol: TIMER1_IRQHandler
   Definitions
      At line 244 in file startup.s
   Uses
      At line 81 in file startup.s
      At line 208 in file startup.s

TIMER2_IRQHandler 00000074

Symbol: TIMER2_IRQHandler
   Definitions
      At line 245 in file startup.s
   Uses
      At line 82 in file startup.s
      At line 209 in file startup.s

TIMER3_IRQHandler 00000074

Symbol: TIMER3_IRQHandler
   Definitions
      At line 246 in file startup.s



ARM Macro Assembler    Page 7 Alphabetic symbol ordering
Relocatable symbols

   Uses
      At line 83 in file startup.s
      At line 210 in file startup.s

UART0_IRQHandler 00000074

Symbol: UART0_IRQHandler
   Definitions
      At line 247 in file startup.s
   Uses
      At line 84 in file startup.s
      At line 211 in file startup.s

UART1_IRQHandler 00000074

Symbol: UART1_IRQHandler
   Definitions
      At line 248 in file startup.s
   Uses
      At line 85 in file startup.s
      At line 212 in file startup.s

UART2_IRQHandler 00000074

Symbol: UART2_IRQHandler
   Definitions
      At line 249 in file startup.s
   Uses
      At line 86 in file startup.s
      At line 213 in file startup.s

UART3_IRQHandler 00000074

Symbol: UART3_IRQHandler
   Definitions
      At line 250 in file startup.s
   Uses
      At line 87 in file startup.s
      At line 214 in file startup.s

USBActivity_IRQHandler 00000074

Symbol: USBActivity_IRQHandler
   Definitions
      At line 275 in file startup.s
   Uses
      At line 112 in file startup.s
      At line 239 in file startup.s

USB_IRQHandler 00000074

Symbol: USB_IRQHandler
   Definitions
      At line 266 in file startup.s
   Uses
      At line 103 in file startup.s
      At line 230 in file startup.s

UsageFault_Handler 0000006A



ARM Macro Assembler    Page 8 Alphabetic symbol ordering
Relocatable symbols


Symbol: UsageFault_Handler
   Definitions
      At line 182 in file startup.s
   Uses
      At line 67 in file startup.s
      At line 183 in file startup.s

WDT_IRQHandler 00000074

Symbol: WDT_IRQHandler
   Definitions
      At line 242 in file startup.s
   Uses
      At line 79 in file startup.s
      At line 206 in file startup.s

exit 00000060

Symbol: exit
   Definitions
      At line 152 in file startup.s
   Uses
      At line 145 in file startup.s
Comment: exit used once
loop 0000004E

Symbol: loop
   Definitions
      At line 144 in file startup.s
   Uses
      At line 150 in file startup.s
Comment: loop used once
50 symbols



ARM Macro Assembler    Page 1 Alphabetic symbol ordering
Absolute symbols

Heap_Size 00000000

Symbol: Heap_Size
   Definitions
      At line 42 in file startup.s
   Uses
      At line 46 in file startup.s
Comment: Heap_Size used once
Stack_Size 00000200

Symbol: Stack_Size
   Definitions
      At line 31 in file startup.s
   Uses
      At line 34 in file startup.s
Comment: Stack_Size used once
2 symbols
401 symbols in table
