


ARM Macro Assembler    Page 1 


    1 00000000         ;/******************************************************
                       ********************//**
    2 00000000         ; * @file     startup_LPC17xx.s
    3 00000000         ; * @brief    CMSIS Cortex-M3 Core Device Startup File f
                       or
    4 00000000         ; *           NXP LPC17xx Device Series
    5 00000000         ; * @version  V1.10
    6 00000000         ; * @date     06. April 2011
    7 00000000         ; *
    8 00000000         ; * @note
    9 00000000         ; * Copyright (C) 2009-2011 ARM Limited. All rights rese
                       rved.
   10 00000000         ; *
   11 00000000         ; * @par
   12 00000000         ; * ARM Limited (ARM) is supplying this software for use
                        with Cortex-M
   13 00000000         ; * processor based microcontrollers.  This file can be 
                       freely distributed
   14 00000000         ; * within development tools that are supporting such AR
                       M based processors.
   15 00000000         ; *
   16 00000000         ; * @par
   17 00000000         ; * THIS SOFTWARE IS PROVIDED "AS IS".  NO WARRANTIES, W
                       HETHER EXPRESS, IMPLIED
   18 00000000         ; * OR STATUTORY, INCLUDING, BUT NOT LIMITED TO, IMPLIED
                        WARRANTIES OF
   19 00000000         ; * MERCHANTABILITY AND FITNESS FOR A PARTICULAR PURPOSE
                        APPLY TO THIS SOFTWARE.
   20 00000000         ; * ARM SHALL NOT, IN ANY CIRCUMSTANCES, BE LIABLE FOR S
                       PECIAL, INCIDENTAL, OR
   21 00000000         ; * CONSEQUENTIAL DAMAGES, FOR ANY REASON WHATSOEVER.
   22 00000000         ; *
   23 00000000         ; ******************************************************
                       ************************/
   24 00000000         
   25 00000000         ; *------- <<< Use Configuration Wizard in Context Menu 
                       >>> ------------------
   26 00000000         
   27 00000000         ; <h> Stack Configuration
   28 00000000         ;   <o> Stack Size (in Bytes) <0x0-0xFFFFFFFF:8>
   29 00000000         ; </h>
   30 00000000         
   31 00000000 00000200 
                       Stack_Size
                               EQU              0x00000200
   32 00000000         
   33 00000000                 AREA             STACK, NOINIT, READWRITE, ALIGN
=3
   34 00000000         Stack_Mem
                               SPACE            Stack_Size
   35 00000200         __initial_sp
   36 00000200         
   37 00000200         
   38 00000200         ; <h> Heap Configuration
   39 00000200         ;   <o>  Heap Size (in Bytes) <0x0-0xFFFFFFFF:8>
   40 00000200         ; </h>
   41 00000200         
   42 00000200 00000000 
                       Heap_Size



ARM Macro Assembler    Page 2 


                               EQU              0x00000000
   43 00000200         
   44 00000200                 AREA             HEAP, NOINIT, READWRITE, ALIGN=
3
   45 00000000         __heap_base
   46 00000000         Heap_Mem
                               SPACE            Heap_Size
   47 00000000         __heap_limit
   48 00000000         
   49 00000000         
   50 00000000                 PRESERVE8
   51 00000000                 THUMB
   52 00000000         
   53 00000000         
   54 00000000         ; Vector Table Mapped to Address 0 at Reset
   55 00000000         
   56 00000000                 AREA             RESET, DATA, READONLY
   57 00000000                 EXPORT           __Vectors
   58 00000000         
   59 00000000 00000000 
                       __Vectors
                               DCD              __initial_sp ; Top of Stack
   60 00000004 00000000        DCD              Reset_Handler ; Reset Handler
   61 00000008 00000000        DCD              NMI_Handler ; NMI Handler
   62 0000000C 00000000        DCD              HardFault_Handler ; Hard Fault 
                                                            Handler
   63 00000010 00000000        DCD              MemManage_Handler 
                                                            ; MPU Fault Handler
                                                            
   64 00000014 00000000        DCD              BusFault_Handler 
                                                            ; Bus Fault Handler
                                                            
   65 00000018 00000000        DCD              UsageFault_Handler ; Usage Faul
                                                            t Handler
   66 0000001C 00000000        DCD              0           ; Reserved
   67 00000020 00000000        DCD              0           ; Reserved
   68 00000024 00000000        DCD              0           ; Reserved
   69 00000028 00000000        DCD              0           ; Reserved
   70 0000002C 00000000        DCD              SVC_Handler ; SVCall Handler
   71 00000030 00000000        DCD              DebugMon_Handler ; Debug Monito
                                                            r Handler
   72 00000034 00000000        DCD              0           ; Reserved
   73 00000038 00000000        DCD              PendSV_Handler ; PendSV Handler
                                                            
   74 0000003C 00000000        DCD              SysTick_Handler 
                                                            ; SysTick Handler
   75 00000040         
   76 00000040         ; External Interrupts
   77 00000040 00000000        DCD              WDT_IRQHandler ; 16: Watchdog T
                                                            imer
   78 00000044 00000000        DCD              TIMER0_IRQHandler ; 17: Timer0
   79 00000048 00000000        DCD              TIMER1_IRQHandler ; 18: Timer1
   80 0000004C 00000000        DCD              TIMER2_IRQHandler ; 19: Timer2
   81 00000050 00000000        DCD              TIMER3_IRQHandler ; 20: Timer3
   82 00000054 00000000        DCD              UART0_IRQHandler ; 21: UART0
   83 00000058 00000000        DCD              UART1_IRQHandler ; 22: UART1
   84 0000005C 00000000        DCD              UART2_IRQHandler ; 23: UART2
   85 00000060 00000000        DCD              UART3_IRQHandler ; 24: UART3
   86 00000064 00000000        DCD              PWM1_IRQHandler ; 25: PWM1



ARM Macro Assembler    Page 3 


   87 00000068 00000000        DCD              I2C0_IRQHandler ; 26: I2C0
   88 0000006C 00000000        DCD              I2C1_IRQHandler ; 27: I2C1
   89 00000070 00000000        DCD              I2C2_IRQHandler ; 28: I2C2
   90 00000074 00000000        DCD              SPI_IRQHandler ; 29: SPI
   91 00000078 00000000        DCD              SSP0_IRQHandler ; 30: SSP0
   92 0000007C 00000000        DCD              SSP1_IRQHandler ; 31: SSP1
   93 00000080 00000000        DCD              PLL0_IRQHandler ; 32: PLL0 Lock
                                                             (Main PLL)
   94 00000084 00000000        DCD              RTC_IRQHandler ; 33: Real Time 
                                                            Clock
   95 00000088 00000000        DCD              EINT0_IRQHandler ; 34: External
                                                             Interrupt 0
   96 0000008C 00000000        DCD              EINT1_IRQHandler ; 35: External
                                                             Interrupt 1
   97 00000090 00000000        DCD              EINT2_IRQHandler ; 36: External
                                                             Interrupt 2
   98 00000094 00000000        DCD              EINT3_IRQHandler ; 37: External
                                                             Interrupt 3
   99 00000098 00000000        DCD              ADC_IRQHandler 
                                                            ; 38: A/D Converter
                                                            
  100 0000009C 00000000        DCD              BOD_IRQHandler ; 39: Brown-Out 
                                                            Detect
  101 000000A0 00000000        DCD              USB_IRQHandler ; 40: USB
  102 000000A4 00000000        DCD              CAN_IRQHandler ; 41: CAN
  103 000000A8 00000000        DCD              DMA_IRQHandler ; 42: General Pu
                                                            rpose DMA
  104 000000AC 00000000        DCD              I2S_IRQHandler ; 43: I2S
  105 000000B0 00000000        DCD              ENET_IRQHandler ; 44: Ethernet
  106 000000B4 00000000        DCD              RIT_IRQHandler ; 45: Repetitive
                                                             Interrupt Timer
  107 000000B8 00000000        DCD              MCPWM_IRQHandler ; 46: Motor Co
                                                            ntrol PWM
  108 000000BC 00000000        DCD              QEI_IRQHandler ; 47: Quadrature
                                                             Encoder Interface
  109 000000C0 00000000        DCD              PLL1_IRQHandler ; 48: PLL1 Lock
                                                             (USB PLL)
  110 000000C4 00000000        DCD              USBActivity_IRQHandler ; 49: US
                                                            B Activity interrup
                                                            t to wakeup
  111 000000C8 00000000        DCD              CANActivity_IRQHandler ; 50: CA
                                                            N Activity interrup
                                                            t to wakeup
  112 000000CC         
  113 000000CC         
  114 000000CC                 IF               :LNOT::DEF:NO_CRP
  115 000000CC                 AREA             |.ARM.__at_0x02FC|, CODE, READO
NLY
  116 00000000 FFFFFFFF 
                       CRP_Key DCD              0xFFFFFFFF
  117 00000004                 ENDIF
  118 00000004         
  119 00000004         
  120 00000004                 AREA             |.text|, CODE, READONLY
  121 00000000         
  122 00000000         
  123 00000000         ; Reset Handler
  124 00000000         
  125 00000000         Reset_Handler



ARM Macro Assembler    Page 4 


                               PROC
  126 00000000                 EXPORT           Reset_Handler             [WEAK
]
  127 00000000 481C            LDR              R0, =Reset_Handler
  128 00000002 F8DF A074       LDR              R10,=loop
  129 00000006 F8DF B074       LDR              R11,=endloop
  130 0000000A F8DF C074       LDR              R12,=endloop2
  131 0000000E F8DF 9074       LDR              R9,=diversi
  132 00000012 F8DF 8074       LDR              R8,=fine
  133 00000016         
  134 00000016 4606            MOV              R6,R0
  135 00000018 460F            MOV              R7,R1
  136 0000001A         
  137 0000001A BF08 4758 
                       loop    BXEQ             R11
  138 0000001E 0849            LSRS             R1,R1,#1
  139 00000020 BF28 1C52       ADDHS            R2,R2,#1
  140 00000024 4750            BX               R10
  141 00000026         endloop
  142 00000026 4613            MOV              R3,R2
  143 00000028 0001            MOVS             R1,R0
  144 0000002A F04F 0200       MOV              R2,#0
  145 0000002E 46E3            MOV              R11,R12
  146 00000030         
  147 00000030 4750            BX               R10
  148 00000032         endloop2
  149 00000032         ;in r2 e r3 ho i numero di 1
  150 00000032 0852            LSRS             R2,R2,#1
  151 00000034 BF2C 2201       MOVHS            R2,#1
  152 00000038 2200            MOVLO            R2,#0
  153 0000003A         
  154 0000003A 085B            LSRS             R3,R3,#1
  155 0000003C BF2C 2301       MOVHS            R3,#1
  156 00000040 2300            MOVLO            R3,#0
  157 00000042         
  158 00000042 429A            CMP              R2,R3
  159 00000044 BF18 4748       BXNE             R9
  160 00000048 F04F 01FF       MOV              R1,#0x000000FF
  161 0000004C EA41 0107       ORR              R1,R1,R7
  162 00000050 F64F 70FF       MOV              R0,#0x0000FFFF
  163 00000054 EA00 0006       AND              R0,R0,R6
  164 00000058 4740            BX               R8
  165 0000005A         
  166 0000005A         diversi
  167 0000005A F3EF 8100       MRS              R1,APSR
  168 0000005E         fine
  169 0000005E 4700            BX               R0
  170 00000060                 ENDP
  171 00000060         
  172 00000060         
  173 00000060         
  174 00000060         ; Dummy Exception Handlers (infinite loops which can be 
                       modified)
  175 00000060         
  176 00000060         NMI_Handler
                               PROC
  177 00000060                 EXPORT           NMI_Handler               [WEAK
]
  178 00000060 E7FE            B                .



ARM Macro Assembler    Page 5 


  179 00000062                 ENDP
  181 00000062         HardFault_Handler
                               PROC
  182 00000062                 EXPORT           HardFault_Handler         [WEAK
]
  183 00000062 E7FE            B                .
  184 00000064                 ENDP
  186 00000064         MemManage_Handler
                               PROC
  187 00000064                 EXPORT           MemManage_Handler         [WEAK
]
  188 00000064 E7FE            B                .
  189 00000066                 ENDP
  191 00000066         BusFault_Handler
                               PROC
  192 00000066                 EXPORT           BusFault_Handler          [WEAK
]
  193 00000066 E7FE            B                .
  194 00000068                 ENDP
  196 00000068         UsageFault_Handler
                               PROC
  197 00000068                 EXPORT           UsageFault_Handler        [WEAK
]
  198 00000068 E7FE            B                .
  199 0000006A                 ENDP
  200 0000006A         SVC_Handler
                               PROC
  201 0000006A                 EXPORT           SVC_Handler               [WEAK
]
  202 0000006A E7FE            B                .
  203 0000006C                 ENDP
  205 0000006C         DebugMon_Handler
                               PROC
  206 0000006C                 EXPORT           DebugMon_Handler          [WEAK
]
  207 0000006C E7FE            B                .
  208 0000006E                 ENDP
  209 0000006E         PendSV_Handler
                               PROC
  210 0000006E                 EXPORT           PendSV_Handler            [WEAK
]
  211 0000006E E7FE            B                .
  212 00000070                 ENDP
  213 00000070         SysTick_Handler
                               PROC
  214 00000070                 EXPORT           SysTick_Handler           [WEAK
]
  215 00000070 E7FE            B                .
  216 00000072                 ENDP
  217 00000072         
  218 00000072         Default_Handler
                               PROC
  219 00000072         
  220 00000072                 EXPORT           WDT_IRQHandler            [WEAK
]
  221 00000072                 EXPORT           TIMER0_IRQHandler         [WEAK
]
  222 00000072                 EXPORT           TIMER1_IRQHandler         [WEAK
]



ARM Macro Assembler    Page 6 


  223 00000072                 EXPORT           TIMER2_IRQHandler         [WEAK
]
  224 00000072                 EXPORT           TIMER3_IRQHandler         [WEAK
]
  225 00000072                 EXPORT           UART0_IRQHandler          [WEAK
]
  226 00000072                 EXPORT           UART1_IRQHandler          [WEAK
]
  227 00000072                 EXPORT           UART2_IRQHandler          [WEAK
]
  228 00000072                 EXPORT           UART3_IRQHandler          [WEAK
]
  229 00000072                 EXPORT           PWM1_IRQHandler           [WEAK
]
  230 00000072                 EXPORT           I2C0_IRQHandler           [WEAK
]
  231 00000072                 EXPORT           I2C1_IRQHandler           [WEAK
]
  232 00000072                 EXPORT           I2C2_IRQHandler           [WEAK
]
  233 00000072                 EXPORT           SPI_IRQHandler            [WEAK
]
  234 00000072                 EXPORT           SSP0_IRQHandler           [WEAK
]
  235 00000072                 EXPORT           SSP1_IRQHandler           [WEAK
]
  236 00000072                 EXPORT           PLL0_IRQHandler           [WEAK
]
  237 00000072                 EXPORT           RTC_IRQHandler            [WEAK
]
  238 00000072                 EXPORT           EINT0_IRQHandler          [WEAK
]
  239 00000072                 EXPORT           EINT1_IRQHandler          [WEAK
]
  240 00000072                 EXPORT           EINT2_IRQHandler          [WEAK
]
  241 00000072                 EXPORT           EINT3_IRQHandler          [WEAK
]
  242 00000072                 EXPORT           ADC_IRQHandler            [WEAK
]
  243 00000072                 EXPORT           BOD_IRQHandler            [WEAK
]
  244 00000072                 EXPORT           USB_IRQHandler            [WEAK
]
  245 00000072                 EXPORT           CAN_IRQHandler            [WEAK
]
  246 00000072                 EXPORT           DMA_IRQHandler            [WEAK
]
  247 00000072                 EXPORT           I2S_IRQHandler            [WEAK
]
  248 00000072                 EXPORT           ENET_IRQHandler           [WEAK
]
  249 00000072                 EXPORT           RIT_IRQHandler            [WEAK
]
  250 00000072                 EXPORT           MCPWM_IRQHandler          [WEAK
]
  251 00000072                 EXPORT           QEI_IRQHandler            [WEAK
]
  252 00000072                 EXPORT           PLL1_IRQHandler           [WEAK



ARM Macro Assembler    Page 7 


]
  253 00000072                 EXPORT           USBActivity_IRQHandler    [WEAK
]
  254 00000072                 EXPORT           CANActivity_IRQHandler    [WEAK
]
  255 00000072         
  256 00000072         WDT_IRQHandler
  257 00000072         TIMER0_IRQHandler
  258 00000072         TIMER1_IRQHandler
  259 00000072         TIMER2_IRQHandler
  260 00000072         TIMER3_IRQHandler
  261 00000072         UART0_IRQHandler
  262 00000072         UART1_IRQHandler
  263 00000072         UART2_IRQHandler
  264 00000072         UART3_IRQHandler
  265 00000072         PWM1_IRQHandler
  266 00000072         I2C0_IRQHandler
  267 00000072         I2C1_IRQHandler
  268 00000072         I2C2_IRQHandler
  269 00000072         SPI_IRQHandler
  270 00000072         SSP0_IRQHandler
  271 00000072         SSP1_IRQHandler
  272 00000072         PLL0_IRQHandler
  273 00000072         RTC_IRQHandler
  274 00000072         EINT0_IRQHandler
  275 00000072         EINT1_IRQHandler
  276 00000072         EINT2_IRQHandler
  277 00000072         EINT3_IRQHandler
  278 00000072         ADC_IRQHandler
  279 00000072         BOD_IRQHandler
  280 00000072         USB_IRQHandler
  281 00000072         CAN_IRQHandler
  282 00000072         DMA_IRQHandler
  283 00000072         I2S_IRQHandler
  284 00000072         ENET_IRQHandler
  285 00000072         RIT_IRQHandler
  286 00000072         MCPWM_IRQHandler
  287 00000072         QEI_IRQHandler
  288 00000072         PLL1_IRQHandler
  289 00000072         USBActivity_IRQHandler
  290 00000072         CANActivity_IRQHandler
  291 00000072         
  292 00000072 E7FE            B                .
  293 00000074         
  294 00000074                 ENDP
  295 00000074         
  296 00000074         
  297 00000074                 ALIGN
  298 00000074         
  299 00000074         
  300 00000074         ; User Initial Stack & Heap
  301 00000074         
  302 00000074                 EXPORT           __initial_sp
  303 00000074                 EXPORT           __heap_base
  304 00000074                 EXPORT           __heap_limit
  305 00000074         
  306 00000074                 END
              00000000 
              00000000 



ARM Macro Assembler    Page 8 


              00000000 
              00000000 
              00000000 
              00000000 
Command Line: --debug --xref --diag_suppress=9931 --cpu=Cortex-M3 --apcs=interw
ork --depend=.\startup.d -o.\startup.o -IC:\Keil_v5\ARM\RV31\INC -IC:\Keil_v5\A
RM\CMSIS\Include -IC:\Keil_v5\ARM\INC\NXP\LPC17xx --predefine="__EVAL SETA 1" -
-predefine="__UVISION_VERSION SETA 529" --list=.\startup.lst startup.s



ARM Macro Assembler    Page 1 Alphabetic symbol ordering
Relocatable symbols

STACK 00000000

Symbol: STACK
   Definitions
      At line 33 in file startup.s
   Uses
      None
Comment: STACK unused
Stack_Mem 00000000

Symbol: Stack_Mem
   Definitions
      At line 34 in file startup.s
   Uses
      None
Comment: Stack_Mem unused
__initial_sp 00000200

Symbol: __initial_sp
   Definitions
      At line 35 in file startup.s
   Uses
      At line 59 in file startup.s
      At line 302 in file startup.s

3 symbols



ARM Macro Assembler    Page 1 Alphabetic symbol ordering
Relocatable symbols

HEAP 00000000

Symbol: HEAP
   Definitions
      At line 44 in file startup.s
   Uses
      None
Comment: HEAP unused
Heap_Mem 00000000

Symbol: Heap_Mem
   Definitions
      At line 46 in file startup.s
   Uses
      None
Comment: Heap_Mem unused
__heap_base 00000000

Symbol: __heap_base
   Definitions
      At line 45 in file startup.s
   Uses
      At line 303 in file startup.s
Comment: __heap_base used once
__heap_limit 00000000

Symbol: __heap_limit
   Definitions
      At line 47 in file startup.s
   Uses
      At line 304 in file startup.s
Comment: __heap_limit used once
4 symbols



ARM Macro Assembler    Page 1 Alphabetic symbol ordering
Relocatable symbols

RESET 00000000

Symbol: RESET
   Definitions
      At line 56 in file startup.s
   Uses
      None
Comment: RESET unused
__Vectors 00000000

Symbol: __Vectors
   Definitions
      At line 59 in file startup.s
   Uses
      At line 57 in file startup.s
Comment: __Vectors used once
2 symbols



ARM Macro Assembler    Page 1 Alphabetic symbol ordering
Relocatable symbols

.ARM.__at_0x02FC 00000000

Symbol: .ARM.__at_0x02FC
   Definitions
      At line 115 in file startup.s
   Uses
      None
Comment: .ARM.__at_0x02FC unused
CRP_Key 00000000

Symbol: CRP_Key
   Definitions
      At line 116 in file startup.s
   Uses
      None
Comment: CRP_Key unused
2 symbols



ARM Macro Assembler    Page 1 Alphabetic symbol ordering
Relocatable symbols

.text 00000000

Symbol: .text
   Definitions
      At line 120 in file startup.s
   Uses
      None
Comment: .text unused
ADC_IRQHandler 00000072

Symbol: ADC_IRQHandler
   Definitions
      At line 278 in file startup.s
   Uses
      At line 99 in file startup.s
      At line 242 in file startup.s

BOD_IRQHandler 00000072

Symbol: BOD_IRQHandler
   Definitions
      At line 279 in file startup.s
   Uses
      At line 100 in file startup.s
      At line 243 in file startup.s

BusFault_Handler 00000066

Symbol: BusFault_Handler
   Definitions
      At line 191 in file startup.s
   Uses
      At line 64 in file startup.s
      At line 192 in file startup.s

CANActivity_IRQHandler 00000072

Symbol: CANActivity_IRQHandler
   Definitions
      At line 290 in file startup.s
   Uses
      At line 111 in file startup.s
      At line 254 in file startup.s

CAN_IRQHandler 00000072

Symbol: CAN_IRQHandler
   Definitions
      At line 281 in file startup.s
   Uses
      At line 102 in file startup.s
      At line 245 in file startup.s

DMA_IRQHandler 00000072

Symbol: DMA_IRQHandler
   Definitions
      At line 282 in file startup.s
   Uses



ARM Macro Assembler    Page 2 Alphabetic symbol ordering
Relocatable symbols

      At line 103 in file startup.s
      At line 246 in file startup.s

DebugMon_Handler 0000006C

Symbol: DebugMon_Handler
   Definitions
      At line 205 in file startup.s
   Uses
      At line 71 in file startup.s
      At line 206 in file startup.s

Default_Handler 00000072

Symbol: Default_Handler
   Definitions
      At line 218 in file startup.s
   Uses
      None
Comment: Default_Handler unused
EINT0_IRQHandler 00000072

Symbol: EINT0_IRQHandler
   Definitions
      At line 274 in file startup.s
   Uses
      At line 95 in file startup.s
      At line 238 in file startup.s

EINT1_IRQHandler 00000072

Symbol: EINT1_IRQHandler
   Definitions
      At line 275 in file startup.s
   Uses
      At line 96 in file startup.s
      At line 239 in file startup.s

EINT2_IRQHandler 00000072

Symbol: EINT2_IRQHandler
   Definitions
      At line 276 in file startup.s
   Uses
      At line 97 in file startup.s
      At line 240 in file startup.s

EINT3_IRQHandler 00000072

Symbol: EINT3_IRQHandler
   Definitions
      At line 277 in file startup.s
   Uses
      At line 98 in file startup.s
      At line 241 in file startup.s

ENET_IRQHandler 00000072

Symbol: ENET_IRQHandler



ARM Macro Assembler    Page 3 Alphabetic symbol ordering
Relocatable symbols

   Definitions
      At line 284 in file startup.s
   Uses
      At line 105 in file startup.s
      At line 248 in file startup.s

HardFault_Handler 00000062

Symbol: HardFault_Handler
   Definitions
      At line 181 in file startup.s
   Uses
      At line 62 in file startup.s
      At line 182 in file startup.s

I2C0_IRQHandler 00000072

Symbol: I2C0_IRQHandler
   Definitions
      At line 266 in file startup.s
   Uses
      At line 87 in file startup.s
      At line 230 in file startup.s

I2C1_IRQHandler 00000072

Symbol: I2C1_IRQHandler
   Definitions
      At line 267 in file startup.s
   Uses
      At line 88 in file startup.s
      At line 231 in file startup.s

I2C2_IRQHandler 00000072

Symbol: I2C2_IRQHandler
   Definitions
      At line 268 in file startup.s
   Uses
      At line 89 in file startup.s
      At line 232 in file startup.s

I2S_IRQHandler 00000072

Symbol: I2S_IRQHandler
   Definitions
      At line 283 in file startup.s
   Uses
      At line 104 in file startup.s
      At line 247 in file startup.s

MCPWM_IRQHandler 00000072

Symbol: MCPWM_IRQHandler
   Definitions
      At line 286 in file startup.s
   Uses
      At line 107 in file startup.s
      At line 250 in file startup.s



ARM Macro Assembler    Page 4 Alphabetic symbol ordering
Relocatable symbols


MemManage_Handler 00000064

Symbol: MemManage_Handler
   Definitions
      At line 186 in file startup.s
   Uses
      At line 63 in file startup.s
      At line 187 in file startup.s

NMI_Handler 00000060

Symbol: NMI_Handler
   Definitions
      At line 176 in file startup.s
   Uses
      At line 61 in file startup.s
      At line 177 in file startup.s

PLL0_IRQHandler 00000072

Symbol: PLL0_IRQHandler
   Definitions
      At line 272 in file startup.s
   Uses
      At line 93 in file startup.s
      At line 236 in file startup.s

PLL1_IRQHandler 00000072

Symbol: PLL1_IRQHandler
   Definitions
      At line 288 in file startup.s
   Uses
      At line 109 in file startup.s
      At line 252 in file startup.s

PWM1_IRQHandler 00000072

Symbol: PWM1_IRQHandler
   Definitions
      At line 265 in file startup.s
   Uses
      At line 86 in file startup.s
      At line 229 in file startup.s

PendSV_Handler 0000006E

Symbol: PendSV_Handler
   Definitions
      At line 209 in file startup.s
   Uses
      At line 73 in file startup.s
      At line 210 in file startup.s

QEI_IRQHandler 00000072

Symbol: QEI_IRQHandler
   Definitions



ARM Macro Assembler    Page 5 Alphabetic symbol ordering
Relocatable symbols

      At line 287 in file startup.s
   Uses
      At line 108 in file startup.s
      At line 251 in file startup.s

RIT_IRQHandler 00000072

Symbol: RIT_IRQHandler
   Definitions
      At line 285 in file startup.s
   Uses
      At line 106 in file startup.s
      At line 249 in file startup.s

RTC_IRQHandler 00000072

Symbol: RTC_IRQHandler
   Definitions
      At line 273 in file startup.s
   Uses
      At line 94 in file startup.s
      At line 237 in file startup.s

Reset_Handler 00000000

Symbol: Reset_Handler
   Definitions
      At line 125 in file startup.s
   Uses
      At line 60 in file startup.s
      At line 126 in file startup.s
      At line 127 in file startup.s

SPI_IRQHandler 00000072

Symbol: SPI_IRQHandler
   Definitions
      At line 269 in file startup.s
   Uses
      At line 90 in file startup.s
      At line 233 in file startup.s

SSP0_IRQHandler 00000072

Symbol: SSP0_IRQHandler
   Definitions
      At line 270 in file startup.s
   Uses
      At line 91 in file startup.s
      At line 234 in file startup.s

SSP1_IRQHandler 00000072

Symbol: SSP1_IRQHandler
   Definitions
      At line 271 in file startup.s
   Uses
      At line 92 in file startup.s
      At line 235 in file startup.s



ARM Macro Assembler    Page 6 Alphabetic symbol ordering
Relocatable symbols


SVC_Handler 0000006A

Symbol: SVC_Handler
   Definitions
      At line 200 in file startup.s
   Uses
      At line 70 in file startup.s
      At line 201 in file startup.s

SysTick_Handler 00000070

Symbol: SysTick_Handler
   Definitions
      At line 213 in file startup.s
   Uses
      At line 74 in file startup.s
      At line 214 in file startup.s

TIMER0_IRQHandler 00000072

Symbol: TIMER0_IRQHandler
   Definitions
      At line 257 in file startup.s
   Uses
      At line 78 in file startup.s
      At line 221 in file startup.s

TIMER1_IRQHandler 00000072

Symbol: TIMER1_IRQHandler
   Definitions
      At line 258 in file startup.s
   Uses
      At line 79 in file startup.s
      At line 222 in file startup.s

TIMER2_IRQHandler 00000072

Symbol: TIMER2_IRQHandler
   Definitions
      At line 259 in file startup.s
   Uses
      At line 80 in file startup.s
      At line 223 in file startup.s

TIMER3_IRQHandler 00000072

Symbol: TIMER3_IRQHandler
   Definitions
      At line 260 in file startup.s
   Uses
      At line 81 in file startup.s
      At line 224 in file startup.s

UART0_IRQHandler 00000072

Symbol: UART0_IRQHandler
   Definitions



ARM Macro Assembler    Page 7 Alphabetic symbol ordering
Relocatable symbols

      At line 261 in file startup.s
   Uses
      At line 82 in file startup.s
      At line 225 in file startup.s

UART1_IRQHandler 00000072

Symbol: UART1_IRQHandler
   Definitions
      At line 262 in file startup.s
   Uses
      At line 83 in file startup.s
      At line 226 in file startup.s

UART2_IRQHandler 00000072

Symbol: UART2_IRQHandler
   Definitions
      At line 263 in file startup.s
   Uses
      At line 84 in file startup.s
      At line 227 in file startup.s

UART3_IRQHandler 00000072

Symbol: UART3_IRQHandler
   Definitions
      At line 264 in file startup.s
   Uses
      At line 85 in file startup.s
      At line 228 in file startup.s

USBActivity_IRQHandler 00000072

Symbol: USBActivity_IRQHandler
   Definitions
      At line 289 in file startup.s
   Uses
      At line 110 in file startup.s
      At line 253 in file startup.s

USB_IRQHandler 00000072

Symbol: USB_IRQHandler
   Definitions
      At line 280 in file startup.s
   Uses
      At line 101 in file startup.s
      At line 244 in file startup.s

UsageFault_Handler 00000068

Symbol: UsageFault_Handler
   Definitions
      At line 196 in file startup.s
   Uses
      At line 65 in file startup.s
      At line 197 in file startup.s




ARM Macro Assembler    Page 8 Alphabetic symbol ordering
Relocatable symbols

WDT_IRQHandler 00000072

Symbol: WDT_IRQHandler
   Definitions
      At line 256 in file startup.s
   Uses
      At line 77 in file startup.s
      At line 220 in file startup.s

diversi 0000005A

Symbol: diversi
   Definitions
      At line 166 in file startup.s
   Uses
      At line 131 in file startup.s
Comment: diversi used once
endloop 00000026

Symbol: endloop
   Definitions
      At line 141 in file startup.s
   Uses
      At line 129 in file startup.s
Comment: endloop used once
endloop2 00000032

Symbol: endloop2
   Definitions
      At line 148 in file startup.s
   Uses
      At line 130 in file startup.s
Comment: endloop2 used once
fine 0000005E

Symbol: fine
   Definitions
      At line 168 in file startup.s
   Uses
      At line 132 in file startup.s
Comment: fine used once
loop 0000001A

Symbol: loop
   Definitions
      At line 137 in file startup.s
   Uses
      At line 128 in file startup.s
Comment: loop used once
52 symbols



ARM Macro Assembler    Page 1 Alphabetic symbol ordering
Absolute symbols

Heap_Size 00000000

Symbol: Heap_Size
   Definitions
      At line 42 in file startup.s
   Uses
      At line 46 in file startup.s
Comment: Heap_Size used once
Stack_Size 00000200

Symbol: Stack_Size
   Definitions
      At line 31 in file startup.s
   Uses
      At line 34 in file startup.s
Comment: Stack_Size used once
2 symbols
401 symbols in table
